#
# A fatal error has been detected by the Java Runtime Environment:
#
#  SIGSEGV (0xb) at pc=0x00007fff4bf9207a, pid=31219, tid=775
#
# JRE version: Java(TM) SE Runtime Environment (8.0_71-b15) (build 1.8.0_71-b15)
# Java VM: Java HotSpot(TM) 64-Bit Server VM (25.71-b15 mixed mode bsd-amd64 compressed oops)
# Problematic frame:
# C  [CoreFoundation+0x2d07a]  CFGetTypeID+0xa
#
# Failed to write core dump. Core dumps have been disabled. To enable core dumping, try "ulimit -c unlimited" before starting Java again
#
# If you would like to submit a bug report, please visit:
#   http://bugreport.java.com/bugreport/crash.jsp
# The crash happened outside the Java Virtual Machine in native code.
# See problematic frame for where to report the bug.
#

---------------  T H R E A D  ---------------

Current thread (0x00007fbc03b28800):  JavaThread "Thread-16" daemon [_thread_in_native, id=775, stack(0x00007ffee9627000,0x00007ffee9e27000)]

siginfo: si_signo: 11 (SIGSEGV), si_code: 1 (SEGV_MAPERR), si_addr: 0x0000000000000008

Registers:
RAX=0x0000000000000000, RBX=0x0000000000000001, RCX=0x5765fbc38e730047, RDX=0x00007fffac941380
RSP=0x00007ffee9e1fcf0, RBP=0x00007ffee9e1fcf0, RSI=0x00007fbc03207960, RDI=0x0000000000000000
R8 =0x0000000000000006, R9 =0x0000000000000000, R10=0x000007fbc0804848, R11=0x0000000000000007
R12=0x0000000000000000, R13=0x00007fffa61f5290, R14=0x0000000000000000, R15=0x00007fbc035de130
RIP=0x00007fff4bf9207a, EFLAGS=0x0000000000010246, ERR=0x0000000000000004
  TRAPNO=0x000000000000000e

Top of Stack: (sp=0x00007ffee9e1fcf0)
0x00007ffee9e1fcf0:   00007ffee9e1fe10 0000000125a9dd9a
0x00007ffee9e1fd00:   00007ffee9e1fd58 0000000000000001
0x00007ffee9e1fd10:   00007fbc0378b590 00007fbc08048460
0x00007ffee9e1fd20:   00007fbc035de150 0000000000000001
0x00007ffee9e1fd30:   00007fbc035de180 00007fff4c15c670
0x00007ffee9e1fd40:   0000000000000000 0000000000000000
0x00007ffee9e1fd50:   0000000000000000 0000000000000000
0x00007ffee9e1fd60:   0000000000000000 0000000000000003
0x00007ffee9e1fd70:   00007fff4c318250 00007fbc08048400
0x00007ffee9e1fd80:   00007ffee9e1fe10 00007fff4bf73623
0x00007ffee9e1fd90:   00007ffee9e1fdd0 00007fff4a214f4b
0x00007ffee9e1fda0:   00007fff4a215027 0000000000000001
0x00007ffee9e1fdb0:   00007fbc08048410 00007fbc08048430
0x00007ffee9e1fdc0:   00007fbc080483f8 00007fbc08048400
0x00007ffee9e1fdd0:   04000000035de130 00007fbc080483f0
0x00007ffee9e1fde0:   0000000125aa1a70 00007fbc0378b590
0x00007ffee9e1fdf0:   00007fbc080483f0 00007fffa61f5290
0x00007ffee9e1fe00:   00007fbc035de150 00007fbc08054590
0x00007ffee9e1fe10:   00007ffee9e1fe60 0000000125a9e429
0x00007ffee9e1fe20:   f3333334e9e1fe68 00007fbc03b289f8
0x00007ffee9e1fe30:   00007fbc051c4038 00000001259b9fd8
0x00007ffee9e1fe40:   0000000000000000 00000001259b9fd0
0x00007ffee9e1fe50:   00007ffee9e1fed0 00007fbc03b28800
0x00007ffee9e1fe60:   00007ffee9e1feb8 0000000114130954
0x00007ffee9e1fe70:   00007ffee9e1fe70 00007ffee9e1fe78
0x00007ffee9e1fe80:   0000000000000000 00007ffee9e1fed0
0x00007ffee9e1fe90:   00000001259ba598 0000000000000000
0x00007ffee9e1fea0:   00000001259b9fd8 0000000000000000
0x00007ffee9e1feb0:   00007ffee9e1fed8 00007ffee9e1ff18
0x00007ffee9e1fec0:   00000001141229d0 00000006c020f910
0x00007ffee9e1fed0:   000000011412a57b 00007ffee9e1fed8
0x00007ffee9e1fee0:   00000001259ba258 00007ffee9e1ff28 

Instructions: (pc=0x00007fff4bf9207a)
0x00007fff4bf9205a:   1c 00 48 83 c4 18 5b 5d c3 66 66 66 66 2e 0f 1f
0x00007fff4bf9206a:   84 00 00 00 00 00 55 48 89 e5 40 f6 c7 01 75 3f
0x00007fff4bf9207a:   48 8b 4f 08 48 8b 07 48 85 c0 74 23 48 3b 05 9b
0x00007fff4bf9208a:   7c 26 5a 74 1a 48 c1 e9 05 81 e1 f8 1f 00 00 48 

Register to memory mapping:

RAX=0x0000000000000000 is an unknown value
RBX=0x0000000000000001 is an unknown value
RCX=0x5765fbc38e730047 is an unknown value
RDX=0x00007fffac941380: _thread+0 in /usr/lib/system/libsystem_pthread.dylib at 0x00007fff74178000
RSP=0x00007ffee9e1fcf0 is pointing into the stack for thread: 0x00007fbc03b28800
RBP=0x00007ffee9e1fcf0 is pointing into the stack for thread: 0x00007fbc03b28800
RSI=0x00007fbc03207960 is an unknown value
RDI=0x0000000000000000 is an unknown value
R8 =0x0000000000000006 is an unknown value
R9 =0x0000000000000000 is an unknown value
R10=0x000007fbc0804848 is an unknown value
R11=0x0000000000000007 is an unknown value
R12=0x0000000000000000 is an unknown value
R13=0x00007fffa61f5290: OBJC_CLASS_$_NSDictionary+0 in /System/Library/Frameworks/CoreFoundation.framework/Versions/A/CoreFoundation at 0x00007fff4bf65000
R14=0x0000000000000000 is an unknown value
R15=0x00007fbc035de130 is an unknown value


Stack: [0x00007ffee9627000,0x00007ffee9e27000],  sp=0x00007ffee9e1fcf0,  free space=8163k
Native frames: (J=compiled Java code, j=interpreted, Vv=VM code, C=native code)
C  [CoreFoundation+0x2d07a]  CFGetTypeID+0xa
C  [libosx.dylib+0x4d9a]  realmConfigsForRealms+0x145
C  [libosx.dylib+0x5429]  Java_sun_security_krb5_SCDynamicStoreConfig_getKerberosConfig+0x172
j  sun.security.krb5.SCDynamicStoreConfig.getKerberosConfig()Ljava/util/Hashtable;+0
j  sun.security.krb5.SCDynamicStoreConfig.getConfig()Ljava/util/Hashtable;+0
j  sun.security.krb5.Config.<init>()V+143
j  sun.security.krb5.Config.refresh()V+4
v  ~StubRoutines::call_stub
V  [libjvm.dylib+0x2ea59a]  JavaCalls::call_helper(JavaValue*, methodHandle*, JavaCallArguments*, Thread*)+0x6ae
V  [libjvm.dylib+0x32130c]  jni_invoke_static(JNIEnv_*, JavaValue*, _jobject*, JNICallType, _jmethodID*, JNI_ArgumentPusher*, Thread*)+0x1bf
V  [libjvm.dylib+0x31a1be]  jni_CallStaticVoidMethodV+0xe8
C  [JavaNativeFoundation+0x4089]  JNFCallStaticVoidMethod+0xb0
C  [libosx.dylib+0x52b5]  ___SCDynamicStoreCallBack_block_invoke_1+0x18
C  [JavaNativeFoundation+0x6a75]  JNFPerformEnvBlock+0x57
C  [SystemConfiguration+0x6af0]  rlsPerform+0x10b
C  [CoreFoundation+0xa3a11]  __CFRUNLOOP_IS_CALLING_OUT_TO_A_SOURCE0_PERFORM_FUNCTION__+0x11
C  [CoreFoundation+0x15d42c]  __CFRunLoopDoSource0+0x6c
C  [CoreFoundation+0x86470]  __CFRunLoopDoSources0+0xd0
C  [CoreFoundation+0x858ed]  __CFRunLoopRun+0x50d
C  [CoreFoundation+0x85153]  CFRunLoopRunSpecific+0x1e3
C  [java+0x6463]  CreateExecutionEnvironment+0x367
C  [java+0x21ac]  JLI_Launch+0x7a0
C  [java+0x84c0]  main+0x65
C  [java+0x1a04]  start+0x34
C  0x000000000000000a

Java frames: (J=compiled Java code, j=interpreted, Vv=VM code)
j  sun.security.krb5.SCDynamicStoreConfig.getKerberosConfig()Ljava/util/Hashtable;+0
j  sun.security.krb5.SCDynamicStoreConfig.getConfig()Ljava/util/Hashtable;+0
j  sun.security.krb5.Config.<init>()V+143
j  sun.security.krb5.Config.refresh()V+4
v  ~StubRoutines::call_stub

---------------  P R O C E S S  ---------------

Java Threads: ( => current thread )
  0x00007fbc05010800 JavaThread "Twitter4J Async Dispatcher[0]" daemon [_thread_blocked, id=85919, stack(0x000070000fda4000,0x000070000fea4000)]
  0x00007fbc07901800 JavaThread "kill-executor-thread" daemon [_thread_blocked, id=4103, stack(0x000070000c16d000,0x000070000c26d000)]
=>0x00007fbc03b28800 JavaThread "Thread-16" daemon [_thread_in_native, id=775, stack(0x00007ffee9627000,0x00007ffee9e27000)]
  0x00007fbc06b69000 JavaThread "DestroyJavaVM" [_thread_blocked, id=9987, stack(0x000070000c273000,0x000070000c373000)]
  0x00007fbc01f26000 JavaThread "Twitter Stream consumer /  [1][Waiting for 240000 milliseconds]" [_thread_blocked, id=45571, stack(0x0000700010945000,0x0000700010a45000)]
  0x00007fbc07826000 JavaThread "Tweet Worker" daemon [_thread_blocked, id=84227, stack(0x0000700010842000,0x0000700010942000)]
  0x00007fbc02d56800 JavaThread "spark-listener-group-streams" daemon [_thread_blocked, id=84739, stack(0x000070001073f000,0x000070001083f000)]
  0x00007fbc06b4e000 JavaThread "task-result-getter-3" daemon [_thread_blocked, id=86275, stack(0x0000700010230000,0x0000700010330000)]
  0x00007fbc06b4d000 JavaThread "task-result-getter-2" daemon [_thread_blocked, id=86531, stack(0x000070001012d000,0x000070001022d000)]
  0x00007fbc05a82800 JavaThread "task-result-getter-1" daemon [_thread_blocked, id=87043, stack(0x000070001002a000,0x000070001012a000)]
  0x00007fbc042ed000 JavaThread "task-result-getter-0" daemon [_thread_blocked, id=43523, stack(0x000070000ff27000,0x0000700010027000)]
  0x00007fbc03e4a000 JavaThread "org.apache.hadoop.fs.FileSystem$Statistics$StatisticsDataReferenceCleaner" daemon [_thread_blocked, id=32003, stack(0x000070000fc1e000,0x000070000fd1e000)]
  0x00007fbc03b13000 JavaThread "spark-listener-group-shared" daemon [_thread_blocked, id=30211, stack(0x000070000fb1b000,0x000070000fc1b000)]
  0x00007fbc01a4c000 JavaThread "element-tracking-store-worker" daemon [_thread_blocked, id=29699, stack(0x000070000fa18000,0x000070000fb18000)]
  0x00007fbc0225f800 JavaThread "spark-listener-group-executorManagement" daemon [_thread_blocked, id=29443, stack(0x000070000f915000,0x000070000fa15000)]
  0x00007fbc0225e800 JavaThread "spark-listener-group-appStatus" daemon [_thread_blocked, id=32771, stack(0x000070000f812000,0x000070000f912000)]
  0x00007fbc0232c000 JavaThread "context-cleaner-periodic-gc" daemon [_thread_blocked, id=29187, stack(0x000070000f70f000,0x000070000f80f000)]
  0x00007fbc02272000 JavaThread "Spark Context Cleaner" daemon [_thread_blocked, id=28931, stack(0x000070000f60c000,0x000070000f70c000)]
  0x00007fbc02bab000 JavaThread "shuffle-server-5-1" daemon [_thread_in_native, id=28675, stack(0x000070000f509000,0x000070000f609000)]
  0x00007fbc01a45800 JavaThread "driver-heartbeater" daemon [_thread_blocked, id=28163, stack(0x000070000f406000,0x000070000f506000)]
  0x00007fbc01a45000 JavaThread "dag-scheduler-event-loop" daemon [_thread_blocked, id=27651, stack(0x000070000f303000,0x000070000f403000)]
  0x00007fbc048f9800 JavaThread "netty-rpc-env-timeout" daemon [_thread_blocked, id=34051, stack(0x000070000f200000,0x000070000f300000)]
  0x00007fbc048f8000 JavaThread "Timer-0" daemon [_thread_blocked, id=27395, stack(0x000070000f0fd000,0x000070000f1fd000)]
  0x00007fbc0232b000 JavaThread "heartbeat-receiver-event-loop-thread" daemon [_thread_blocked, id=27139, stack(0x000070000effa000,0x000070000f0fa000)]
  0x00007fbc048de800 JavaThread "SparkUI-38" daemon [_thread_blocked, id=26883, stack(0x000070000eef7000,0x000070000eff7000)]
  0x00007fbc048db800 JavaThread "SparkUI-37" daemon [_thread_blocked, id=35331, stack(0x000070000edf4000,0x000070000eef4000)]
  0x00007fbc048db000 JavaThread "SparkUI-36" daemon [_thread_blocked, id=35843, stack(0x000070000ecf1000,0x000070000edf1000)]
  0x00007fbc05118800 JavaThread "SparkUI-35-acceptor-0@6ae12abd-ServerConnector@6426c991{HTTP/1.1,[http/1.1]}{0.0.0.0:4046}" daemon [_thread_in_native, id=26627, stack(0x000070000ebee000,0x000070000ecee000)]
  0x00007fbc02b78800 JavaThread "SparkUI-34" daemon [_thread_in_native, id=36611, stack(0x000070000eaeb000,0x000070000ebeb000)]
  0x00007fbc0517b000 JavaThread "SparkUI-33" daemon [_thread_in_native, id=37123, stack(0x000070000e9e8000,0x000070000eae8000)]
  0x00007fbc03b12800 JavaThread "SparkUI-32" daemon [_thread_in_native, id=37379, stack(0x000070000e8e5000,0x000070000e9e5000)]
  0x00007fbc03c1c800 JavaThread "SparkUI-31" daemon [_thread_in_native, id=37891, stack(0x000070000e7e2000,0x000070000e8e2000)]
  0x00007fbc03c14800 JavaThread "RemoteBlock-temp-file-clean-thread" daemon [_thread_blocked, id=38403, stack(0x000070000e6df000,0x000070000e7df000)]
  0x00007fbc03c10800 JavaThread "map-output-dispatcher-7" daemon [_thread_blocked, id=25859, stack(0x000070000e5dc000,0x000070000e6dc000)]
  0x00007fbc01ac7800 JavaThread "map-output-dispatcher-6" daemon [_thread_blocked, id=25603, stack(0x000070000e4d9000,0x000070000e5d9000)]
  0x00007fbc02b66000 JavaThread "map-output-dispatcher-5" daemon [_thread_blocked, id=38915, stack(0x000070000e3d6000,0x000070000e4d6000)]
  0x00007fbc02b65800 JavaThread "map-output-dispatcher-4" daemon [_thread_blocked, id=39427, stack(0x000070000e2d3000,0x000070000e3d3000)]
  0x00007fbc022b0000 JavaThread "map-output-dispatcher-3" daemon [_thread_blocked, id=39939, stack(0x000070000e1d0000,0x000070000e2d0000)]
  0x00007fbc02b64800 JavaThread "map-output-dispatcher-2" daemon [_thread_blocked, id=24835, stack(0x000070000e0cd000,0x000070000e1cd000)]
  0x00007fbc02b1a000 JavaThread "map-output-dispatcher-1" daemon [_thread_blocked, id=40451, stack(0x000070000dfca000,0x000070000e0ca000)]
  0x00007fbc051d4000 JavaThread "map-output-dispatcher-0" daemon [_thread_blocked, id=24323, stack(0x000070000dec7000,0x000070000dfc7000)]
  0x00007fbc05115000 JavaThread "rpc-server-3-1" daemon [_thread_in_native, id=40707, stack(0x000070000ddc4000,0x000070000dec4000)]
  0x00007fbc01ac2800 JavaThread "dispatcher-event-loop-7" daemon [_thread_blocked, id=23555, stack(0x000070000dcc1000,0x000070000ddc1000)]
  0x00007fbc02b08800 JavaThread "dispatcher-event-loop-6" daemon [_thread_blocked, id=41219, stack(0x000070000dbbe000,0x000070000dcbe000)]
  0x00007fbc0229e000 JavaThread "dispatcher-event-loop-5" daemon [_thread_blocked, id=23043, stack(0x000070000dabb000,0x000070000dbbb000)]
  0x00007fbc01ac2000 JavaThread "dispatcher-event-loop-4" daemon [_thread_blocked, id=41731, stack(0x000070000d9b8000,0x000070000dab8000)]
  0x00007fbc01a11800 JavaThread "dispatcher-event-loop-3" daemon [_thread_blocked, id=22531, stack(0x000070000d8b5000,0x000070000d9b5000)]
  0x00007fbc0425f000 JavaThread "dispatcher-event-loop-2" daemon [_thread_blocked, id=22275, stack(0x000070000d7b2000,0x000070000d8b2000)]
  0x00007fbc02293800 JavaThread "dispatcher-event-loop-1" daemon [_thread_blocked, id=42499, stack(0x000070000d6af000,0x000070000d7af000)]
  0x00007fbc02292800 JavaThread "dispatcher-event-loop-0" daemon [_thread_blocked, id=42759, stack(0x000070000d5ac000,0x000070000d6ac000)]
  0x00007fbc01831800 JavaThread "Service Thread" daemon [_thread_blocked, id=16899, stack(0x000070000d3a6000,0x000070000d4a6000)]
  0x00007fbc0282a000 JavaThread "C1 CompilerThread3" daemon [_thread_blocked, id=16131, stack(0x000070000d2a3000,0x000070000d3a3000)]
  0x00007fbc02032000 JavaThread "C2 CompilerThread2" daemon [_thread_blocked, id=15619, stack(0x000070000d1a0000,0x000070000d2a0000)]
  0x00007fbc02829800 JavaThread "C2 CompilerThread1" daemon [_thread_blocked, id=17411, stack(0x000070000d09d000,0x000070000d19d000)]
  0x00007fbc03813800 JavaThread "C2 CompilerThread0" daemon [_thread_blocked, id=14851, stack(0x000070000cf9a000,0x000070000d09a000)]
  0x00007fbc0380b800 JavaThread "Signal Dispatcher" daemon [_thread_blocked, id=17675, stack(0x000070000ce97000,0x000070000cf97000)]
  0x00007fbc01828800 JavaThread "Finalizer" daemon [_thread_blocked, id=13315, stack(0x000070000cd94000,0x000070000ce94000)]
  0x00007fbc01827800 JavaThread "Reference Handler" daemon [_thread_blocked, id=19971, stack(0x000070000cc91000,0x000070000cd91000)]

Other Threads:
  0x00007fbc01825000 VMThread [stack: 0x000070000cb8e000,0x000070000cc8e000] [id=20227]
  0x00007fbc03821800 WatcherThread [stack: 0x000070000d4a9000,0x000070000d5a9000] [id=16643]

VM state:not at safepoint (normal execution)

VM Mutex/Monitor currently owned by a thread: None

Heap:
 PSYoungGen      total 972288K, used 514109K [0x000000076ab00000, 0x00000007c0000000, 0x00000007c0000000)
  eden space 546816K, 94% used [0x000000076ab00000,0x000000078a10f578,0x000000078c100000)
  from space 425472K, 0% used [0x000000078c100000,0x000000078c100000,0x00000007a6080000)
  to   space 424448K, 0% used [0x00000007a6180000,0x00000007a6180000,0x00000007c0000000)
 ParOldGen       total 2796544K, used 2796125K [0x00000006c0000000, 0x000000076ab00000, 0x000000076ab00000)
  object space 2796544K, 99% used [0x00000006c0000000,0x000000076aa97438,0x000000076ab00000)
 Metaspace       used 59079K, capacity 59402K, committed 60160K, reserved 1101824K
  class space    used 8461K, capacity 8554K, committed 8704K, reserved 1048576K

Card table byte_map: [0x000000010834f000,0x0000000108b50000] byte_map_base: 0x0000000104d4f000

Marking Bits: (ParMarkBitMap*) 0x00000001078e3ea0
 Begin Bits: [0x00000001090a6000, 0x000000010d0a6000)
 End Bits:   [0x000000010d0a6000, 0x00000001110a6000)

Polling page: 0x0000000105e5d000

CodeCache: size=245760Kb used=15228Kb max_used=16615Kb free=230531Kb
 bounds [0x000000011411b000, 0x000000011519b000, 0x000000012311b000]
 total_blobs=5883 nmethods=5276 adapters=518
 compilation: enabled

Compilation events (10 events):
Event: 22014.508 Thread 0x00007fbc0282a000 6515       3       sun.reflect.ClassFileAssembler::opc_aload_1 (24 bytes)
Event: 22014.508 Thread 0x00007fbc0282a000 nmethod 6515 0x0000000114a3aa90 code [0x0000000114a3ac20, 0x0000000114a3afa8]
Event: 22254.517 Thread 0x00007fbc0282a000 6517       3       sun.net.www.protocol.http.HttpURLConnection::streaming (33 bytes)
Event: 22254.635 Thread 0x00007fbc0282a000 nmethod 6517 0x000000011492be10 code [0x000000011492bf80, 0x000000011492c1b0]
Event: 22254.677 Thread 0x00007fbc02032000 6520       4       sun.security.ssl.CipherSuite::compareTo (9 bytes)
Event: 22254.745 Thread 0x00007fbc02032000 nmethod 6520 0x0000000114a997d0 code [0x0000000114a99920, 0x0000000114a999b8]
Event: 22255.179 Thread 0x00007fbc0282a000 6519       3       javax.crypto.CryptoPermissionCollection::elements (8 bytes)
Event: 22255.206 Thread 0x00007fbc0282a000 nmethod 6519 0x0000000114a3a450 code [0x0000000114a3a5c0, 0x0000000114a3a930]
Event: 22255.451 Thread 0x00007fbc0282a000 6518       3       javax.crypto.JceSecurityManager::getDefaultPermission (21 bytes)
Event: 22255.472 Thread 0x00007fbc0282a000 nmethod 6518 0x000000011509a490 code [0x000000011509a620, 0x000000011509aa88]

GC Heap History (10 events):
Event: 20006.833 GC heap before
{Heap before GC invocations=338 (full 79):
 PSYoungGen      total 972288K, used 546816K [0x000000076ab00000, 0x00000007c0000000, 0x00000007c0000000)
  eden space 546816K, 100% used [0x000000076ab00000,0x000000078c100000,0x000000078c100000)
  from space 425472K, 0% used [0x000000078c100000,0x000000078c100000,0x00000007a6080000)
  to   space 424448K, 0% used [0x00000007a6180000,0x00000007a6180000,0x00000007c0000000)
 ParOldGen       total 2796544K, used 2796332K [0x00000006c0000000, 0x000000076ab00000, 0x000000076ab00000)
  object space 2796544K, 99% used [0x00000006c0000000,0x000000076aacb390,0x000000076ab00000)
 Metaspace       used 58936K, capacity 59236K, committed 59904K, reserved 1099776K
  class space    used 8450K, capacity 8537K, committed 8704K, reserved 1048576K
Event: 20034.341 GC heap after
Heap after GC invocations=338 (full 79):
 PSYoungGen      total 972288K, used 503961K [0x000000076ab00000, 0x00000007c0000000, 0x00000007c0000000)
  eden space 546816K, 92% used [0x000000076ab00000,0x0000000789726760,0x000000078c100000)
  from space 425472K, 0% used [0x000000078c100000,0x000000078c100000,0x00000007a6080000)
  to   space 424448K, 0% used [0x00000007a6180000,0x00000007a6180000,0x00000007c0000000)
 ParOldGen       total 2796544K, used 2796330K [0x00000006c0000000, 0x000000076ab00000, 0x000000076ab00000)
  object space 2796544K, 99% used [0x00000006c0000000,0x000000076aaca870,0x000000076ab00000)
 Metaspace       used 58936K, capacity 59236K, committed 59904K, reserved 1099776K
  class space    used 8450K, capacity 8537K, committed 8704K, reserved 1048576K
}
Event: 20082.254 GC heap before
{Heap before GC invocations=339 (full 80):
 PSYoungGen      total 972288K, used 546816K [0x000000076ab00000, 0x00000007c0000000, 0x00000007c0000000)
  eden space 546816K, 100% used [0x000000076ab00000,0x000000078c100000,0x000000078c100000)
  from space 425472K, 0% used [0x000000078c100000,0x000000078c100000,0x00000007a6080000)
  to   space 424448K, 0% used [0x00000007a6180000,0x00000007a6180000,0x00000007c0000000)
 ParOldGen       total 2796544K, used 2796330K [0x00000006c0000000, 0x000000076ab00000, 0x000000076ab00000)
  object space 2796544K, 99% used [0x00000006c0000000,0x000000076aaca870,0x000000076ab00000)
 Metaspace       used 58941K, capacity 59242K, committed 59904K, reserved 1099776K
  class space    used 8451K, capacity 8538K, committed 8704K, reserved 1048576K
Event: 20135.861 GC heap after
Heap after GC invocations=339 (full 80):
 PSYoungGen      total 972288K, used 505380K [0x000000076ab00000, 0x00000007c0000000, 0x00000007c0000000)
  eden space 546816K, 92% used [0x000000076ab00000,0x0000000789889268,0x000000078c100000)
  from space 425472K, 0% used [0x000000078c100000,0x000000078c100000,0x00000007a6080000)
  to   space 424448K, 0% used [0x00000007a6180000,0x00000007a6180000,0x00000007c0000000)
 ParOldGen       total 2796544K, used 2796299K [0x00000006c0000000, 0x000000076ab00000, 0x000000076ab00000)
  object space 2796544K, 99% used [0x00000006c0000000,0x000000076aac2e28,0x000000076ab00000)
 Metaspace       used 58941K, capacity 59242K, committed 59904K, reserved 1099776K
  class space    used 8451K, capacity 8538K, committed 8704K, reserved 1048576K
}
Event: 20136.106 GC heap before
{Heap before GC invocations=340 (full 81):
 PSYoungGen      total 972288K, used 546816K [0x000000076ab00000, 0x00000007c0000000, 0x00000007c0000000)
  eden space 546816K, 100% used [0x000000076ab00000,0x000000078c100000,0x000000078c100000)
  from space 425472K, 0% used [0x000000078c100000,0x000000078c100000,0x00000007a6080000)
  to   space 424448K, 0% used [0x00000007a6180000,0x00000007a6180000,0x00000007c0000000)
 ParOldGen       total 2796544K, used 2796299K [0x00000006c0000000, 0x000000076ab00000, 0x000000076ab00000)
  object space 2796544K, 99% used [0x00000006c0000000,0x000000076aac2e28,0x000000076ab00000)
 Metaspace       used 58941K, capacity 59242K, committed 59904K, reserved 1099776K
  class space    used 8451K, capacity 8538K, committed 8704K, reserved 1048576K
Event: 20180.021 GC heap after
Heap after GC invocations=340 (full 81):
 PSYoungGen      total 972288K, used 506812K [0x000000076ab00000, 0x00000007c0000000, 0x00000007c0000000)
  eden space 546816K, 92% used [0x000000076ab00000,0x00000007899ef3c8,0x000000078c100000)
  from space 425472K, 0% used [0x000000078c100000,0x000000078c100000,0x00000007a6080000)
  to   space 424448K, 0% used [0x00000007a6180000,0x00000007a6180000,0x00000007c0000000)
 ParOldGen       total 2796544K, used 2796208K [0x00000006c0000000, 0x000000076ab00000, 0x000000076ab00000)
  object space 2796544K, 99% used [0x00000006c0000000,0x000000076aaac2f0,0x000000076ab00000)
 Metaspace       used 58941K, capacity 59242K, committed 59904K, reserved 1099776K
  class space    used 8451K, capacity 8538K, committed 8704K, reserved 1048576K
}
Event: 20736.878 GC heap before
{Heap before GC invocations=341 (full 82):
 PSYoungGen      total 972288K, used 546816K [0x000000076ab00000, 0x00000007c0000000, 0x00000007c0000000)
  eden space 546816K, 100% used [0x000000076ab00000,0x000000078c100000,0x000000078c100000)
  from space 425472K, 0% used [0x000000078c100000,0x000000078c100000,0x00000007a6080000)
  to   space 424448K, 0% used [0x00000007a6180000,0x00000007a6180000,0x00000007c0000000)
 ParOldGen       total 2796544K, used 2796208K [0x00000006c0000000, 0x000000076ab00000, 0x000000076ab00000)
  object space 2796544K, 99% used [0x00000006c0000000,0x000000076aaac2f0,0x000000076ab00000)
 Metaspace       used 59020K, capacity 59336K, committed 60160K, reserved 1101824K
  class space    used 8454K, capacity 8543K, committed 8704K, reserved 1048576K
Event: 20807.236 GC heap after
Heap after GC invocations=341 (full 82):
 PSYoungGen      total 972288K, used 508450K [0x000000076ab00000, 0x00000007c0000000, 0x00000007c0000000)
  eden space 546816K, 92% used [0x000000076ab00000,0x0000000789b88ba8,0x000000078c100000)
  from space 425472K, 0% used [0x000000078c100000,0x000000078c100000,0x00000007a6080000)
  to   space 424448K, 0% used [0x00000007a6180000,0x00000007a6180000,0x00000007c0000000)
 ParOldGen       total 2796544K, used 2796169K [0x00000006c0000000, 0x000000076ab00000, 0x000000076ab00000)
  object space 2796544K, 99% used [0x00000006c0000000,0x000000076aaa26d8,0x000000076ab00000)
 Metaspace       used 59020K, capacity 59336K, committed 60160K, reserved 1101824K
  class space    used 8454K, capacity 8543K, committed 8704K, reserved 1048576K
}
Event: 21601.815 GC heap before
{Heap before GC invocations=342 (full 83):
 PSYoungGen      total 972288K, used 515354K [0x000000076ab00000, 0x00000007c0000000, 0x00000007c0000000)
  eden space 546816K, 94% used [0x000000076ab00000,0x000000078a246b78,0x000000078c100000)
  from space 425472K, 0% used [0x000000078c100000,0x000000078c100000,0x00000007a6080000)
  to   space 424448K, 0% used [0x00000007a6180000,0x00000007a6180000,0x00000007c0000000)
 ParOldGen       total 2796544K, used 2796169K [0x00000006c0000000, 0x000000076ab00000, 0x000000076ab00000)
  object space 2796544K, 99% used [0x00000006c0000000,0x000000076aaa26d8,0x000000076ab00000)
 Metaspace       used 59029K, capacity 59336K, committed 60160K, reserved 1101824K
  class space    used 8455K, capacity 8543K, committed 8704K, reserved 1048576K
Event: 21629.359 GC heap after
Heap after GC invocations=342 (full 83):
 PSYoungGen      total 972288K, used 508242K [0x000000076ab00000, 0x00000007c0000000, 0x00000007c0000000)
  eden space 546816K, 92% used [0x000000076ab00000,0x0000000789b54880,0x000000078c100000)
  from space 425472K, 0% used [0x000000078c100000,0x000000078c100000,0x00000007a6080000)
  to   space 424448K, 0% used [0x00000007a6180000,0x00000007a6180000,0x00000007c0000000)
 ParOldGen       total 2796544K, used 2796125K [0x00000006c0000000, 0x000000076ab00000, 0x000000076ab00000)
  object space 2796544K, 99% used [0x00000006c0000000,0x000000076aa97438,0x000000076ab00000)
 Metaspace       used 59029K, capacity 59336K, committed 60160K, reserved 1101824K
  class space    used 8455K, capacity 8543K, committed 8704K, reserved 1048576K
}

Deoptimization events (10 events):
Event: 20034.532 Thread 0x00007fbc01f26000 Uncommon trap: reason=class_check action=maybe_recompile pc=0x0000000115067eb0 method=sun.nio.cs.StreamDecoder.readBytes()I @ 135
Event: 20034.533 Thread 0x00007fbc01f26000 Uncommon trap: reason=class_check action=maybe_recompile pc=0x0000000115049120 method=sun.nio.cs.StreamDecoder.inReady()Z @ 11
Event: 20076.648 Thread 0x00007fbc01f26000 Uncommon trap: reason=unstable_if action=reinterpret pc=0x0000000114845a74 method=java.nio.charset.CoderResult.isUnderflow()Z @ 4
Event: 20180.109 Thread 0x00007fbc01f26000 Uncommon trap: reason=unstable_if action=reinterpret pc=0x0000000114fa779c method=java.net.SocketInputStream.read([BIII)I @ 86
Event: 20180.111 Thread 0x00007fbc01f26000 Uncommon trap: reason=unstable_if action=reinterpret pc=0x00000001150526d0 method=sun.security.ssl.InputRecord.read(Ljava/io/InputStream;Ljava/io/OutputStream;)V @ 37
Event: 20180.113 Thread 0x00007fbc01f26000 Uncommon trap: reason=unstable_if action=reinterpret pc=0x0000000115056400 method=sun.security.ssl.AppInputStream.read([BII)I @ 82
Event: 20180.113 Thread 0x00007fbc01f26000 Uncommon trap: reason=unstable_if action=reinterpret pc=0x000000011506b13c method=sun.net.www.http.ChunkedInputStream.readAheadBlocking()I @ 54
Event: 20180.114 Thread 0x00007fbc01f26000 Uncommon trap: reason=unloaded action=reinterpret pc=0x000000011509b468 method=twitter4j.StatusStreamBase.handleNextElement([Ltwitter4j/StreamListener;[Ltwitter4j/RawStreamListener;)V @ 96
Event: 20254.386 Thread 0x00007fbc01f26000 Uncommon trap: reason=unstable_if action=reinterpret pc=0x0000000114a34374 method=java.lang.Long.toString(J)Ljava/lang/String; @ 14
Event: 22245.993 Thread 0x00007fbc048de800 Uncommon trap: reason=unstable_if action=reinterpret pc=0x0000000114534adc method=java.util.concurrent.locks.AbstractQueuedSynchronizer.unparkSuccessor(Ljava/util/concurrent/locks/AbstractQueuedSynchronizer$Node;)V @ 22

Internal exceptions (10 events):
Event: 20496.812 Thread 0x00007fbc01f26000 Exception <a 'java/lang/NullPointerException'> (0x000000078bfeb418) thrown at [/Users/java_re/workspace/8-2-build-macosx-x86_64/jdk8u71/5731/hotspot/src/share/vm/interpreter/linkResolver.cpp, line 1178]
Event: 20807.719 Thread 0x00007fbc01f26000 Exception <a 'java/lang/NullPointerException'> (0x0000000789d579c8) thrown at [/Users/java_re/workspace/8-2-build-macosx-x86_64/jdk8u71/5731/hotspot/src/share/vm/interpreter/linkResolver.cpp, line 1178]
Event: 21047.899 Thread 0x00007fbc01f26000 Exception <a 'java/lang/NullPointerException'> (0x0000000789e655e8) thrown at [/Users/java_re/workspace/8-2-build-macosx-x86_64/jdk8u71/5731/hotspot/src/share/vm/interpreter/linkResolver.cpp, line 1178]
Event: 21288.146 Thread 0x00007fbc01f26000 Exception <a 'java/lang/NullPointerException'> (0x000000078a077a88) thrown at [/Users/java_re/workspace/8-2-build-macosx-x86_64/jdk8u71/5731/hotspot/src/share/vm/interpreter/linkResolver.cpp, line 1178]
Event: 21528.349 Thread 0x00007fbc01f26000 Exception <a 'java/lang/NullPointerException'> (0x000000078a19ed20) thrown at [/Users/java_re/workspace/8-2-build-macosx-x86_64/jdk8u71/5731/hotspot/src/share/vm/interpreter/linkResolver.cpp, line 1178]
Event: 21768.799 Thread 0x00007fbc01f26000 Exception <a 'java/lang/NullPointerException'> (0x0000000789e02a28) thrown at [/Users/java_re/workspace/8-2-build-macosx-x86_64/jdk8u71/5731/hotspot/src/share/vm/interpreter/linkResolver.cpp, line 1178]
Event: 22014.365 Thread 0x00007fbc01f26000 Exception <a 'java/lang/NullPointerException'> (0x000000078a02f488) thrown at [/Users/java_re/workspace/8-2-build-macosx-x86_64/jdk8u71/5731/hotspot/src/share/vm/interpreter/linkResolver.cpp, line 1178]
Event: 22245.324 Thread 0x00007fbc048de800 Implicit null exception at 0x0000000114534a4b to 0x0000000114534ac5
Event: 22255.899 Thread 0x00007fbc01f26000 Exception <a 'java/net/UnknownHostException'> (0x000000078a0b0368) thrown at [/Users/java_re/workspace/8-2-build-macosx-x86_64/jdk8u71/5731/hotspot/src/share/vm/prims/jni.cpp, line 709]
Event: 22255.925 Thread 0x00007fbc01f26000 Exception <a 'java/lang/NullPointerException'> (0x000000078a0b1258) thrown at [/Users/java_re/workspace/8-2-build-macosx-x86_64/jdk8u71/5731/hotspot/src/share/vm/interpreter/linkResolver.cpp, line 1178]

Events (10 events):
Event: 22014.115 Thread 0x00007fbc0783e000 Thread exited: 0x00007fbc0783e000
Event: 22245.714 Thread 0x00007fbc048de800 Uncommon trap: trap_request=0xffffff65 fr.pc=0x0000000114534adc
Event: 22246.163 Thread 0x00007fbc048de800 DEOPT PACKING pc=0x0000000114534adc sp=0x000070000eff66e0
Event: 22246.974 Thread 0x00007fbc048de800 DEOPT UNPACKING pc=0x0000000114120229 sp=0x000070000eff6690 mode 2
Event: 22255.147 Thread 0x00007fbc0282a000 flushing nmethod 0x0000000114e24290
Event: 22255.335 Thread 0x00007fbc0282a000 flushing nmethod 0x0000000114f4d390
Event: 22255.411 Thread 0x00007fbc0282a000 flushing nmethod 0x000000011505b210
Event: 22255.427 Thread 0x00007fbc0282a000 flushing nmethod 0x000000011509a490
Event: 22255.451 Thread 0x00007fbc0282a000 flushing nmethod 0x0000000115117dd0
Event: 22255.451 Thread 0x00007fbc0282a000 flushing nmethod 0x000000011517e1d0


Dynamic libraries:
0x000000002444b000 	/System/Library/Frameworks/Cocoa.framework/Versions/A/Cocoa
0x000000002444b000 	/System/Library/Frameworks/Security.framework/Versions/A/Security
0x000000002444b000 	/System/Library/Frameworks/ApplicationServices.framework/Versions/A/ApplicationServices
0x000000002444b000 	/usr/lib/libz.1.dylib
0x000000002444b000 	/usr/lib/libSystem.B.dylib
0x000000002444b000 	/usr/lib/libobjc.A.dylib
0x000000002444b000 	/System/Library/Frameworks/CoreFoundation.framework/Versions/A/CoreFoundation
0x000000002444b000 	/System/Library/Frameworks/Foundation.framework/Versions/C/Foundation
0x000000002444b000 	/System/Library/Frameworks/AppKit.framework/Versions/C/AppKit
0x000000002444b000 	/System/Library/Frameworks/CoreData.framework/Versions/A/CoreData
0x000000002444b000 	/System/Library/PrivateFrameworks/RemoteViewServices.framework/Versions/A/RemoteViewServices
0x000000002444b000 	/System/Library/PrivateFrameworks/UIFoundation.framework/Versions/A/UIFoundation
0x000000002444b000 	/System/Library/PrivateFrameworks/DFRFoundation.framework/Versions/A/DFRFoundation
0x000000002444b000 	/System/Library/Frameworks/Metal.framework/Versions/A/Metal
0x000000002444b000 	/System/Library/PrivateFrameworks/DesktopServicesPriv.framework/Versions/A/DesktopServicesPriv
0x000000002444b000 	/usr/lib/libenergytrace.dylib
0x000000002444b000 	/System/Library/PrivateFrameworks/SkyLight.framework/Versions/A/SkyLight
0x000000002444b000 	/System/Library/Frameworks/CoreGraphics.framework/Versions/A/CoreGraphics
0x000000002444b000 	/usr/lib/libScreenReader.dylib
0x000000002444b000 	/System/Library/Frameworks/Accelerate.framework/Versions/A/Accelerate
0x000000002444b000 	/System/Library/Frameworks/IOSurface.framework/Versions/A/IOSurface
0x000000002444b000 	/System/Library/Frameworks/AudioToolbox.framework/Versions/A/AudioToolbox
0x000000002444b000 	/System/Library/Frameworks/AudioUnit.framework/Versions/A/AudioUnit
0x000000002444b000 	/System/Library/PrivateFrameworks/DataDetectorsCore.framework/Versions/A/DataDetectorsCore
0x000000002444b000 	/System/Library/Frameworks/Carbon.framework/Versions/A/Frameworks/HIToolbox.framework/Versions/A/HIToolbox
0x000000002444b000 	/usr/lib/libicucore.A.dylib
0x000000002444b000 	/System/Library/Frameworks/QuartzCore.framework/Versions/A/QuartzCore
0x000000002444b000 	/System/Library/PrivateFrameworks/SignpostNotification.framework/Versions/A/SignpostNotification
0x000000002444b000 	/System/Library/Frameworks/Carbon.framework/Versions/A/Frameworks/SpeechRecognition.framework/Versions/A/SpeechRecognition
0x000000002444b000 	/usr/lib/libauto.dylib
0x000000002444b000 	/usr/lib/libxml2.2.dylib
0x000000002444b000 	/System/Library/PrivateFrameworks/CoreUI.framework/Versions/A/CoreUI
0x000000002444b000 	/System/Library/Frameworks/CoreAudio.framework/Versions/A/CoreAudio
0x000000002444b000 	/System/Library/Frameworks/DiskArbitration.framework/Versions/A/DiskArbitration
0x000000002444b000 	/usr/lib/liblangid.dylib
0x000000002444b000 	/System/Library/PrivateFrameworks/MultitouchSupport.framework/Versions/A/MultitouchSupport
0x000000002444b000 	/System/Library/Frameworks/IOKit.framework/Versions/A/IOKit
0x000000002444b000 	/usr/lib/libDiagnosticMessagesClient.dylib
0x000000002444b000 	/System/Library/Frameworks/CoreServices.framework/Versions/A/CoreServices
0x000000002444b000 	/System/Library/PrivateFrameworks/PerformanceAnalysis.framework/Versions/A/PerformanceAnalysis
0x000000002444b000 	/System/Library/Frameworks/OpenGL.framework/Versions/A/OpenGL
0x000000002444b000 	/System/Library/Frameworks/ColorSync.framework/Versions/A/ColorSync
0x000000002444b000 	/System/Library/Frameworks/CoreImage.framework/Versions/A/CoreImage
0x000000002444b000 	/System/Library/Frameworks/CoreText.framework/Versions/A/CoreText
0x000000002444b000 	/System/Library/Frameworks/ImageIO.framework/Versions/A/ImageIO
0x000000002444b000 	/System/Library/PrivateFrameworks/Backup.framework/Versions/A/Backup
0x000000002444b000 	/usr/lib/libarchive.2.dylib
0x000000002444b000 	/System/Library/Frameworks/CFNetwork.framework/Versions/A/CFNetwork
0x000000002444b000 	/System/Library/Frameworks/SystemConfiguration.framework/Versions/A/SystemConfiguration
0x000000002444b000 	/usr/lib/libCRFSuite.dylib
0x000000002444b000 	/usr/lib/libc++.1.dylib
0x000000002444b000 	/usr/lib/libc++abi.dylib
0x000000002444b000 	/usr/lib/system/libcache.dylib
0x000000002444b000 	/usr/lib/system/libcommonCrypto.dylib
0x000000002444b000 	/usr/lib/system/libcompiler_rt.dylib
0x000000002444b000 	/usr/lib/system/libcopyfile.dylib
0x000000002444b000 	/usr/lib/system/libcorecrypto.dylib
0x000000002444b000 	/usr/lib/system/libdispatch.dylib
0x000000002444b000 	/usr/lib/system/libdyld.dylib
0x000000002444b000 	/usr/lib/system/libkeymgr.dylib
0x000000002444b000 	/usr/lib/system/liblaunch.dylib
0x000000002444b000 	/usr/lib/system/libmacho.dylib
0x000000002444b000 	/usr/lib/system/libquarantine.dylib
0x000000002444b000 	/usr/lib/system/libremovefile.dylib
0x000000002444b000 	/usr/lib/system/libsystem_asl.dylib
0x000000002444b000 	/usr/lib/system/libsystem_blocks.dylib
0x000000002444b000 	/usr/lib/system/libsystem_c.dylib
0x000000002444b000 	/usr/lib/system/libsystem_configuration.dylib
0x000000002444b000 	/usr/lib/system/libsystem_coreservices.dylib
0x000000002444b000 	/usr/lib/system/libsystem_darwin.dylib
0x000000002444b000 	/usr/lib/system/libsystem_dnssd.dylib
0x000000002444b000 	/usr/lib/system/libsystem_info.dylib
0x000000002444b000 	/usr/lib/system/libsystem_m.dylib
0x000000002444b000 	/usr/lib/system/libsystem_malloc.dylib
0x000000002444b000 	/usr/lib/system/libsystem_network.dylib
0x000000002444b000 	/usr/lib/system/libsystem_networkextension.dylib
0x000000002444b000 	/usr/lib/system/libsystem_notify.dylib
0x000000002444b000 	/usr/lib/system/libsystem_sandbox.dylib
0x000000002444b000 	/usr/lib/system/libsystem_secinit.dylib
0x000000002444b000 	/usr/lib/system/libsystem_kernel.dylib
0x000000002444b000 	/usr/lib/system/libsystem_platform.dylib
0x000000002444b000 	/usr/lib/system/libsystem_pthread.dylib
0x000000002444b000 	/usr/lib/system/libsystem_symptoms.dylib
0x000000002444b000 	/usr/lib/system/libsystem_trace.dylib
0x000000002444b000 	/usr/lib/system/libunwind.dylib
0x000000002444b000 	/usr/lib/system/libxpc.dylib
0x000000002444b000 	/usr/lib/closure/libclosured.dylib
0x000000002444b000 	/usr/lib/libbsm.0.dylib
0x000000002444b000 	/usr/lib/system/libkxld.dylib
0x000000002444b000 	/usr/lib/libOpenScriptingUtil.dylib
0x000000002444b000 	/usr/lib/libcoretls.dylib
0x000000002444b000 	/usr/lib/libcoretls_cfhelpers.dylib
0x000000002444b000 	/usr/lib/libpam.2.dylib
0x000000002444b000 	/usr/lib/libsqlite3.dylib
0x000000002444b000 	/usr/lib/libxar.1.dylib
0x000000002444b000 	/usr/lib/libbz2.1.0.dylib
0x000000002444b000 	/usr/lib/liblzma.5.dylib
0x000000002444b000 	/usr/lib/libnetwork.dylib
0x000000002444b000 	/usr/lib/libapple_nghttp2.dylib
0x000000002444b000 	/usr/lib/libpcap.A.dylib
0x000000002444b000 	/usr/lib/libboringssl.dylib
0x000000002444b000 	/usr/lib/libusrtcp.dylib
0x000000002444b000 	/usr/lib/libapple_crypto.dylib
0x000000002444b000 	/System/Library/Frameworks/CoreServices.framework/Versions/A/Frameworks/FSEvents.framework/Versions/A/FSEvents
0x000000002444b000 	/System/Library/Frameworks/CoreServices.framework/Versions/A/Frameworks/CarbonCore.framework/Versions/A/CarbonCore
0x000000002444b000 	/System/Library/Frameworks/CoreServices.framework/Versions/A/Frameworks/Metadata.framework/Versions/A/Metadata
0x000000002444b000 	/System/Library/Frameworks/CoreServices.framework/Versions/A/Frameworks/OSServices.framework/Versions/A/OSServices
0x000000002444b000 	/System/Library/Frameworks/CoreServices.framework/Versions/A/Frameworks/SearchKit.framework/Versions/A/SearchKit
0x000000002444b000 	/System/Library/Frameworks/CoreServices.framework/Versions/A/Frameworks/AE.framework/Versions/A/AE
0x000000002444b000 	/System/Library/Frameworks/CoreServices.framework/Versions/A/Frameworks/LaunchServices.framework/Versions/A/LaunchServices
0x000000002444b000 	/System/Library/Frameworks/CoreServices.framework/Versions/A/Frameworks/DictionaryServices.framework/Versions/A/DictionaryServices
0x000000002444b000 	/System/Library/Frameworks/CoreServices.framework/Versions/A/Frameworks/SharedFileList.framework/Versions/A/SharedFileList
0x000000002444b000 	/System/Library/Frameworks/NetFS.framework/Versions/A/NetFS
0x000000002444b000 	/System/Library/PrivateFrameworks/NetAuth.framework/Versions/A/NetAuth
0x000000002444b000 	/System/Library/PrivateFrameworks/login.framework/Versions/A/Frameworks/loginsupport.framework/Versions/A/loginsupport
0x000000002444b000 	/System/Library/PrivateFrameworks/TCC.framework/Versions/A/TCC
0x000000002444b000 	/usr/lib/libmecabra.dylib
0x000000002444b000 	/System/Library/Frameworks/ApplicationServices.framework/Versions/A/Frameworks/ATS.framework/Versions/A/ATS
0x000000002444b000 	/System/Library/Frameworks/ApplicationServices.framework/Versions/A/Frameworks/ColorSyncLegacy.framework/Versions/A/ColorSyncLegacy
0x000000002444b000 	/System/Library/Frameworks/ApplicationServices.framework/Versions/A/Frameworks/HIServices.framework/Versions/A/HIServices
0x000000002444b000 	/System/Library/Frameworks/ApplicationServices.framework/Versions/A/Frameworks/LangAnalysis.framework/Versions/A/LangAnalysis
0x000000002444b000 	/System/Library/Frameworks/ApplicationServices.framework/Versions/A/Frameworks/PrintCore.framework/Versions/A/PrintCore
0x000000002444b000 	/System/Library/Frameworks/ApplicationServices.framework/Versions/A/Frameworks/QD.framework/Versions/A/QD
0x000000002444b000 	/System/Library/Frameworks/ApplicationServices.framework/Versions/A/Frameworks/SpeechSynthesis.framework/Versions/A/SpeechSynthesis
0x000000002444b000 	/System/Library/Frameworks/CoreDisplay.framework/Versions/A/CoreDisplay
0x000000002444b000 	/System/Library/Frameworks/Accelerate.framework/Versions/A/Frameworks/vImage.framework/Versions/A/vImage
0x000000002444b000 	/System/Library/Frameworks/Accelerate.framework/Versions/A/Frameworks/vecLib.framework/Versions/A/vecLib
0x000000002444b000 	/System/Library/Frameworks/Accelerate.framework/Versions/A/Frameworks/vecLib.framework/Versions/A/libvDSP.dylib
0x000000002444b000 	/System/Library/Frameworks/Accelerate.framework/Versions/A/Frameworks/vecLib.framework/Versions/A/libBNNS.dylib
0x000000002444b000 	/System/Library/Frameworks/Accelerate.framework/Versions/A/Frameworks/vecLib.framework/Versions/A/libQuadrature.dylib
0x000000002444b000 	/System/Library/Frameworks/Accelerate.framework/Versions/A/Frameworks/vecLib.framework/Versions/A/libvMisc.dylib
0x000000002444b000 	/System/Library/Frameworks/Accelerate.framework/Versions/A/Frameworks/vecLib.framework/Versions/A/libLAPACK.dylib
0x000000002444b000 	/System/Library/Frameworks/Accelerate.framework/Versions/A/Frameworks/vecLib.framework/Versions/A/libBLAS.dylib
0x000000002444b000 	/System/Library/Frameworks/Accelerate.framework/Versions/A/Frameworks/vecLib.framework/Versions/A/libLinearAlgebra.dylib
0x000000002444b000 	/System/Library/Frameworks/Accelerate.framework/Versions/A/Frameworks/vecLib.framework/Versions/A/libSparse.dylib
0x000000002444b000 	/System/Library/Frameworks/Accelerate.framework/Versions/A/Frameworks/vecLib.framework/Versions/A/libSparseBLAS.dylib
0x000000002444b000 	/System/Library/PrivateFrameworks/GPUWrangler.framework/Versions/A/GPUWrangler
0x000000002444b000 	/System/Library/PrivateFrameworks/IOAccelerator.framework/Versions/A/IOAccelerator
0x000000002444b000 	/System/Library/PrivateFrameworks/IOPresentment.framework/Versions/A/IOPresentment
0x000000002444b000 	/System/Library/PrivateFrameworks/DSExternalDisplay.framework/Versions/A/DSExternalDisplay
0x000000002444b000 	/System/Library/Frameworks/OpenGL.framework/Versions/A/Libraries/libCoreFSCache.dylib
0x000000002444b000 	/System/Library/Frameworks/CoreVideo.framework/Versions/A/CoreVideo
0x000000002444b000 	/System/Library/PrivateFrameworks/GraphVisualizer.framework/Versions/A/GraphVisualizer
0x000000002444b000 	/System/Library/Frameworks/MetalPerformanceShaders.framework/Versions/A/MetalPerformanceShaders
0x000000002444b000 	/usr/lib/libFosl_dynamic.dylib
0x000000002444b000 	/System/Library/PrivateFrameworks/FaceCore.framework/Versions/A/FaceCore
0x000000002444b000 	/System/Library/Frameworks/OpenCL.framework/Versions/A/OpenCL
0x000000002444b000 	/usr/lib/libcompression.dylib
0x000000002444b000 	/System/Library/Frameworks/ApplicationServices.framework/Versions/A/Frameworks/ATS.framework/Versions/A/Resources/libFontParser.dylib
0x000000002444b000 	/System/Library/Frameworks/ApplicationServices.framework/Versions/A/Frameworks/ATS.framework/Versions/A/Resources/libFontRegistry.dylib
0x000000002444b000 	/System/Library/Frameworks/ImageIO.framework/Versions/A/Resources/libJPEG.dylib
0x000000002444b000 	/System/Library/Frameworks/ImageIO.framework/Versions/A/Resources/libTIFF.dylib
0x000000002444b000 	/System/Library/Frameworks/ImageIO.framework/Versions/A/Resources/libPng.dylib
0x000000002444b000 	/System/Library/Frameworks/ImageIO.framework/Versions/A/Resources/libGIF.dylib
0x000000002444b000 	/System/Library/Frameworks/ImageIO.framework/Versions/A/Resources/libJP2.dylib
0x000000002444b000 	/System/Library/Frameworks/ImageIO.framework/Versions/A/Resources/libRadiance.dylib
0x000000002444b000 	/System/Library/PrivateFrameworks/AppleJPEG.framework/Versions/A/AppleJPEG
0x000000002444b000 	/System/Library/Frameworks/MetalPerformanceShaders.framework/Frameworks/MPSCore.framework/Versions/A/MPSCore
0x000000002444b000 	/System/Library/Frameworks/MetalPerformanceShaders.framework/Frameworks/MPSImage.framework/Versions/A/MPSImage
0x000000002444b000 	/System/Library/Frameworks/MetalPerformanceShaders.framework/Frameworks/MPSNeuralNetwork.framework/Versions/A/MPSNeuralNetwork
0x000000002444b000 	/System/Library/Frameworks/MetalPerformanceShaders.framework/Frameworks/MPSMatrix.framework/Versions/A/MPSMatrix
0x000000002444b000 	/System/Library/PrivateFrameworks/MetalTools.framework/Versions/A/MetalTools
0x000000002444b000 	/System/Library/Frameworks/OpenGL.framework/Versions/A/Libraries/libGLU.dylib
0x000000002444b000 	/System/Library/Frameworks/OpenGL.framework/Versions/A/Libraries/libGFXShared.dylib
0x000000002444b000 	/System/Library/Frameworks/OpenGL.framework/Versions/A/Libraries/libGL.dylib
0x000000002444b000 	/System/Library/Frameworks/OpenGL.framework/Versions/A/Libraries/libGLImage.dylib
0x000000002444b000 	/System/Library/Frameworks/OpenGL.framework/Versions/A/Libraries/libCVMSPluginSupport.dylib
0x000000002444b000 	/System/Library/Frameworks/OpenGL.framework/Versions/A/Libraries/libCoreVMClient.dylib
0x000000002444b000 	/usr/lib/libcups.2.dylib
0x000000002444b000 	/System/Library/Frameworks/Kerberos.framework/Versions/A/Kerberos
0x000000002444b000 	/System/Library/Frameworks/GSS.framework/Versions/A/GSS
0x000000002444b000 	/usr/lib/libresolv.9.dylib
0x000000002444b000 	/usr/lib/libiconv.2.dylib
0x000000002444b000 	/System/Library/PrivateFrameworks/Heimdal.framework/Versions/A/Heimdal
0x000000002444b000 	/usr/lib/libheimdal-asn1.dylib
0x000000002444b000 	/System/Library/Frameworks/OpenDirectory.framework/Versions/A/OpenDirectory
0x000000002444b000 	/System/Library/PrivateFrameworks/CommonAuth.framework/Versions/A/CommonAuth
0x000000002444b000 	/System/Library/Frameworks/OpenDirectory.framework/Versions/A/Frameworks/CFOpenDirectory.framework/Versions/A/CFOpenDirectory
0x000000002444b000 	/System/Library/Frameworks/SecurityFoundation.framework/Versions/A/SecurityFoundation
0x000000002444b000 	/System/Library/PrivateFrameworks/APFS.framework/Versions/A/APFS
0x000000002444b000 	/usr/lib/libutil.dylib
0x000000002444b000 	/System/Library/PrivateFrameworks/AppleSauce.framework/Versions/A/AppleSauce
0x000000002444b000 	/System/Library/PrivateFrameworks/LinguisticData.framework/Versions/A/LinguisticData
0x000000002444b000 	/usr/lib/libmarisa.dylib
0x000000002444b000 	/System/Library/PrivateFrameworks/Lexicon.framework/Versions/A/Lexicon
0x000000002444b000 	/usr/lib/libChineseTokenizer.dylib
0x000000002444b000 	/usr/lib/libcmph.dylib
0x000000002444b000 	/System/Library/PrivateFrameworks/LanguageModeling.framework/Versions/A/LanguageModeling
0x000000002444b000 	/System/Library/PrivateFrameworks/CoreEmoji.framework/Versions/A/CoreEmoji
0x000000002444b000 	/System/Library/Frameworks/ServiceManagement.framework/Versions/A/ServiceManagement
0x000000002444b000 	/System/Library/PrivateFrameworks/BackgroundTaskManagement.framework/Versions/A/BackgroundTaskManagement
0x000000002444b000 	/usr/lib/libxslt.1.dylib
0x000000002444b000 	/System/Library/Frameworks/Carbon.framework/Versions/A/Frameworks/Ink.framework/Versions/A/Ink
0x000000002444b000 	/System/Library/PrivateFrameworks/TextureIO.framework/Versions/A/TextureIO
0x000000002444b000 	/usr/lib/libate.dylib
0x000000002444b000 	/System/Library/PrivateFrameworks/CrashReporterSupport.framework/Versions/A/CrashReporterSupport
0x000000002444b000 	/System/Library/PrivateFrameworks/Sharing.framework/Versions/A/Sharing
0x000000002444b000 	/System/Library/PrivateFrameworks/IconServices.framework/Versions/A/IconServices
0x000000002444b000 	/System/Library/PrivateFrameworks/AuthKit.framework/Versions/A/AuthKit
0x000000002444b000 	/System/Library/PrivateFrameworks/Apple80211.framework/Versions/A/Apple80211
0x000000002444b000 	/System/Library/PrivateFrameworks/CoreUtils.framework/Versions/A/CoreUtils
0x000000002444b000 	/System/Library/Frameworks/CoreWLAN.framework/Versions/A/CoreWLAN
0x000000002444b000 	/System/Library/Frameworks/IOBluetooth.framework/Versions/A/IOBluetooth
0x000000002444b000 	/System/Library/PrivateFrameworks/ProtocolBuffer.framework/Versions/A/ProtocolBuffer
0x000000002444b000 	/System/Library/PrivateFrameworks/MobileKeyBag.framework/Versions/A/MobileKeyBag
0x000000002444b000 	/System/Library/PrivateFrameworks/CorePhoneNumbers.framework/Versions/A/CorePhoneNumbers
0x000000002444b000 	/System/Library/PrivateFrameworks/AppleIDAuthSupport.framework/Versions/A/AppleIDAuthSupport
0x000000002444b000 	/System/Library/PrivateFrameworks/KeychainCircle.framework/Versions/A/KeychainCircle
0x000000002444b000 	/System/Library/PrivateFrameworks/CoreWiFi.framework/Versions/A/CoreWiFi
0x000000002444b000 	/System/Library/Frameworks/CoreBluetooth.framework/Versions/A/CoreBluetooth
0x000000002444b000 	/System/Library/PrivateFrameworks/DebugSymbols.framework/Versions/A/DebugSymbols
0x000000002444b000 	/System/Library/PrivateFrameworks/CoreSymbolication.framework/Versions/A/CoreSymbolication
0x000000002444b000 	/System/Library/PrivateFrameworks/Symbolication.framework/Versions/A/Symbolication
0x000000002444b000 	/System/Library/PrivateFrameworks/AppleFSCompression.framework/Versions/A/AppleFSCompression
0x000000002444b000 	/System/Library/PrivateFrameworks/SpeechRecognitionCore.framework/Versions/A/SpeechRecognitionCore
0x0000000107000000 	/Library/Java/JavaVirtualMachines/jdk1.8.0_71.jdk/Contents/Home/jre/lib/server/libjvm.dylib
0x000000002444b000 	/usr/lib/libstdc++.6.0.9.dylib
0x0000000105e1a000 	/Library/Java/JavaVirtualMachines/jdk1.8.0_71.jdk/Contents/Home/jre/lib/libverify.dylib
0x0000000105e28000 	/Library/Java/JavaVirtualMachines/jdk1.8.0_71.jdk/Contents/Home/jre/lib/libjava.dylib
0x0000000105ea7000 	/Library/Java/JavaVirtualMachines/jdk1.8.0_71.jdk/Contents/Home/jre/lib/libzip.dylib
0x000000002444b000 	/System/Library/Frameworks/JavaVM.framework/Versions/A/Frameworks/JavaRuntimeSupport.framework/Versions/A/JavaRuntimeSupport
0x000000002444b000 	/System/Library/Frameworks/JavaVM.framework/Versions/A/Frameworks/JavaNativeFoundation.framework/Versions/A/JavaNativeFoundation
0x000000002444b000 	/System/Library/Frameworks/JavaVM.framework/Versions/A/JavaVM
0x000000002444b000 	/System/Library/Frameworks/Carbon.framework/Versions/A/Carbon
0x000000002444b000 	/System/Library/PrivateFrameworks/JavaLaunching.framework/Versions/A/JavaLaunching
0x000000002444b000 	/System/Library/Frameworks/Carbon.framework/Versions/A/Frameworks/CommonPanels.framework/Versions/A/CommonPanels
0x000000002444b000 	/System/Library/Frameworks/Carbon.framework/Versions/A/Frameworks/Help.framework/Versions/A/Help
0x000000002444b000 	/System/Library/Frameworks/Carbon.framework/Versions/A/Frameworks/ImageCapture.framework/Versions/A/ImageCapture
0x000000002444b000 	/System/Library/Frameworks/Carbon.framework/Versions/A/Frameworks/OpenScripting.framework/Versions/A/OpenScripting
0x000000002444b000 	/System/Library/Frameworks/Carbon.framework/Versions/A/Frameworks/Print.framework/Versions/A/Print
0x000000002444b000 	/System/Library/Frameworks/Carbon.framework/Versions/A/Frameworks/SecurityHI.framework/Versions/A/SecurityHI
0x0000000125629000 	/Library/Java/JavaVirtualMachines/jdk1.8.0_71.jdk/Contents/Home/jre/lib/libnet.dylib
0x0000000125888000 	/Library/Java/JavaVirtualMachines/jdk1.8.0_71.jdk/Contents/Home/jre/lib/libmanagement.dylib
0x0000000125a99000 	/Library/Java/JavaVirtualMachines/jdk1.8.0_71.jdk/Contents/Home/jre/lib/libosx.dylib
0x0000000125aa7000 	/Library/Java/JavaVirtualMachines/jdk1.8.0_71.jdk/Contents/Home/jre/lib/./libosxapp.dylib
0x000000002444b000 	/System/Library/Frameworks/ExceptionHandling.framework/Versions/A/ExceptionHandling
0x0000000125cc3000 	/Library/Java/JavaVirtualMachines/jdk1.8.0_71.jdk/Contents/Home/jre/lib/libjaas_unix.dylib
0x0000000125ec6000 	/Library/Java/JavaVirtualMachines/jdk1.8.0_71.jdk/Contents/Home/jre/lib/libnio.dylib
0x0000000125257000 	/private/var/folders/k8/2kw1nk693sdg9p1gx2gskgw80000gn/T/liblz4-java6095252163315676244.dylib
0x0000000125276000 	/Library/Java/JavaVirtualMachines/jdk1.8.0_71.jdk/Contents/Home/jre/lib/libsunec.dylib

VM Arguments:
jvm_args: -Dfile.encoding=UTF-8 -Xbootclasspath/p:/Applications/eclipse.app/Contents/Eclipse/plugins/org.scala-ide.scala211.jars_4.7.0.201709291351/target/jars/scala-library.jar:/Applications/eclipse.app/Contents/Eclipse/plugins/org.scala-ide.scala211.jars_4.7.0.201709291351/target/jars/scala-reflect.jar:/Applications/eclipse.app/Contents/Eclipse/plugins/org.scala-ide.scala211.jars_4.7.0.201709291351/target/jars/scala-compiler.jar 
java_command: TwitterSourceExample 6tcw4V9MsDpWOIIuOxHJqSj4O g45bFekYwtHlPKg3Hj5DYXBvumG70whoyJsn9bzGXcLU82XWEr 1029523297048780801-us0ZnYGZnQY1F0iRqijKRechj6Cq8k rpXsbOIL2zWgV1TyWoBeiSGx33x3hZHAhEQ4YwCgk3W5U
java_class_path (initial): /Users/alexandrabarnish/Documents/_ab/classes/UCSC/spark_scala/data/data/assign5_twitter_streaming/twitter-structured-streaming-master/bin:/Users/alexandrabarnish/Documents/_ab/classes/UCSC/spark_scala/data/data/assign5_twitter_streaming/twitter-structured-streaming-master/lib/streaming_sources-assembly-0.0.1.jar:/Users/alexandrabarnish/.ivy2/cache/org.apache.spark/spark-core_2.11/jars/spark-core_2.11-2.3.0.jar:/Users/alexandrabarnish/.ivy2/cache/org.apache.avro/avro/jars/avro-1.7.7.jar:/Users/alexandrabarnish/.ivy2/cache/org.codehaus.jackson/jackson-core-asl/jars/jackson-core-asl-1.9.13.jar:/Users/alexandrabarnish/.ivy2/cache/org.codehaus.jackson/jackson-mapper-asl/jars/jackson-mapper-asl-1.9.13.jar:/Users/alexandrabarnish/.ivy2/cache/org.xerial.snappy/snappy-java/bundles/snappy-java-1.1.2.6.jar:/Users/alexandrabarnish/.ivy2/cache/org.apache.commons/commons-compress/jars/commons-compress-1.4.1.jar:/Users/alexandrabarnish/.ivy2/cache/org.tukaani/xz/jars/xz-1.0.jar:/Users/alexandrabarnish/.ivy2/cache/org.apache.avro/avro-mapred/jars/avro-mapred-1.7.7-hadoop2.jar:/Users/alexandrabarnish/.ivy2/cache/org.apache.avro/avro-ipc/jars/avro-ipc-1.7.7-tests.jar:/Users/alexandrabarnish/.ivy2/cache/org.apache.avro/avro-ipc/jars/avro-ipc-1.7.7.jar:/Users/alexandrabarnish/.ivy2/cache/com.twitter/chill_2.11/jars/chill_2.11-0.8.4.jar:/Users/alexandrabarnish/.ivy2/cache/com.twitter/chill-java/jars/chill-java-0.8.4.jar:/Users/alexandrabarnish/.ivy2/cache/com.esotericsoftware/kryo-shaded/bundles/kryo-shaded-3.0.3.jar:/Users/alexandrabarnish/.ivy2/cache/com.esotericsoftware/minlog/bundles/minlog-1.3.0.jar:/Users/alexandrabarnish/.ivy2/cache/org.objenesis/objenesis/jars/objenesis-2.1.jar:/Users/alexandrabarnish/.ivy2/cache/org.apache.xbean/xbean-asm5-shaded/bundles/xbean-asm5-shaded-4.4.jar:/Users/alexandrabarnish/.ivy2/cache/org.apache.hadoop/hadoop-client/jars/hadoop-client-2.6.5.jar:/Users/alexandrabarnish/.ivy2/cache/org.apache.hadoop/hadoop-common/jars/h
Launcher Type: SUN_STANDARD

Environment Variables:
PATH=/usr/bin:/bin:/usr/sbin:/sbin
SHELL=/bin/bash

Signal Handlers:
SIGSEGV: [libjvm.dylib+0x5a68c5], sa_mask[0]=11111111011111110111111111111111, sa_flags=SA_ONSTACK|SA_RESTART|SA_SIGINFO
SIGBUS: [libjvm.dylib+0x5a68c5], sa_mask[0]=11111111011111110111111111111111, sa_flags=SA_RESTART|SA_SIGINFO
SIGFPE: [libjvm.dylib+0x4805d4], sa_mask[0]=11111111011111110111111111111111, sa_flags=SA_RESTART|SA_SIGINFO
SIGPIPE: [libjvm.dylib+0x4805d4], sa_mask[0]=11111111011111110111111111111111, sa_flags=SA_RESTART|SA_SIGINFO
SIGXFSZ: [libjvm.dylib+0x4805d4], sa_mask[0]=11111111011111110111111111111111, sa_flags=SA_RESTART|SA_SIGINFO
SIGILL: [libjvm.dylib+0x4805d4], sa_mask[0]=11111111011111110111111111111111, sa_flags=SA_RESTART|SA_SIGINFO
SIGUSR1: SIG_DFL, sa_mask[0]=00000000000000000000000000000000, sa_flags=none
SIGUSR2: [libjvm.dylib+0x4800f2], sa_mask[0]=00100000000000000000000000000000, sa_flags=SA_RESTART|SA_SIGINFO
SIGHUP: [libjvm.dylib+0x47e6c9], sa_mask[0]=11111111011111110111111111111111, sa_flags=SA_RESTART|SA_SIGINFO
SIGINT: [libjvm.dylib+0x47e6c9], sa_mask[0]=11111111011111110111111111111111, sa_flags=SA_RESTART|SA_SIGINFO
SIGTERM: [libjvm.dylib+0x47e6c9], sa_mask[0]=11111111011111110111111111111111, sa_flags=SA_RESTART|SA_SIGINFO
SIGQUIT: [libjvm.dylib+0x47e6c9], sa_mask[0]=11111111011111110111111111111111, sa_flags=SA_RESTART|SA_SIGINFO


---------------  S Y S T E M  ---------------

OS:Bsduname:Darwin 17.7.0 Darwin Kernel Version 17.7.0: Thu Jun 21 22:53:14 PDT 2018; root:xnu-4570.71.2~1/RELEASE_X86_64 x86_64
rlimit: STACK 8192k, CORE 0k, NPROC 1418, NOFILE 10240, AS infinity
load average:23.57 23.54 17.93

CPU:total 8 (4 cores per cpu, 2 threads per core) family 6 model 70 stepping 1, cmov, cx8, fxsr, mmx, sse, sse2, sse3, ssse3, sse4.1, sse4.2, popcnt, avx, avx2, aes, clmul, erms, lzcnt, ht, tsc, tscinvbit, bmi1, bmi2

Memory: 4k page, physical 16777216k(11548k free)

/proc/meminfo:


vm_info: Java HotSpot(TM) 64-Bit Server VM (25.71-b15) for bsd-amd64 JRE (1.8.0_71-b15), built on Dec 22 2015 15:11:44 by "java_re" with gcc 4.2.1 (Based on Apple Inc. build 5658) (LLVM build 2336.11.00)

time: Fri Aug 31 12:39:48 2018
elapsed time: 22275 seconds (0d 6h 11m 15s)

